TN:
SF:api-gateway/src/app.js
FN:18,(anonymous_0)
FN:23,(anonymous_1)
FN:32,(anonymous_2)
FN:35,(anonymous_3)
FN:47,(anonymous_4)
FNF:5
FNH:3
FNDA:0,(anonymous_0)
FNDA:4,(anonymous_1)
FNDA:15,(anonymous_2)
FNDA:15,(anonymous_3)
FNDA:0,(anonymous_4)
DA:1,1
DA:2,1
DA:3,1
DA:4,1
DA:7,1
DA:8,1
DA:10,0
DA:13,1
DA:15,1
DA:16,1
DA:18,1
DA:19,0
DA:23,1
DA:24,4
DA:25,0
DA:28,4
DA:33,15
DA:36,15
DA:41,1
DA:42,1
DA:43,1
DA:44,1
DA:47,1
DA:48,0
DA:49,0
DA:52,1
LF:26
LH:21
BRDA:7,0,0,1
BRDA:7,0,1,0
BRDA:24,1,0,0
BRDA:24,1,1,4
BRF:4
BRH:2
end_of_record
TN:
SF:api-gateway/src/server.js
FN:5,(anonymous_0)
FNF:1
FNH:0
FNDA:0,(anonymous_0)
DA:1,0
DA:3,0
DA:5,0
DA:6,0
LF:4
LH:0
BRDA:3,0,0,0
BRDA:3,0,1,0
BRF:2
BRH:0
end_of_record
TN:
SF:api-gateway/src/routes/admissionRoutes.js
FNF:0
FNH:0
DA:2,0
DA:3,0
DA:4,0
DA:7,0
DA:12,0
LF:5
LH:0
BRF:0
BRH:0
end_of_record
TN:
SF:api-gateway/src/routes/authRoutes.js
FNF:0
FNH:0
DA:2,0
DA:3,0
DA:4,0
DA:7,0
DA:12,0
LF:5
LH:0
BRF:0
BRH:0
end_of_record
TN:
SF:api-gateway/src/routes/health.js
FN:5,(anonymous_0)
FNF:1
FNH:1
FNDA:1,(anonymous_0)
DA:2,1
DA:3,1
DA:5,1
DA:6,1
DA:13,1
LF:5
LH:5
BRF:0
BRH:0
end_of_record
TN:
SF:api-gateway/src/routes/patientRoutes.js
FNF:0
FNH:0
DA:2,0
DA:3,0
DA:4,0
DA:7,0
DA:12,0
LF:5
LH:0
BRF:0
BRH:0
end_of_record
TN:
SF:api-gateway/src/routes/wardRoutes.js
FNF:0
FNH:0
DA:2,0
DA:3,0
DA:4,0
DA:7,0
DA:12,0
LF:5
LH:0
BRF:0
BRH:0
end_of_record
